<?xml version="1.0" encoding="UTF-8"?>
<testng-results ignored="0" total="2" passed="2" failed="0" skipped="0">
  <reporter-output>
  </reporter-output>
  <suite started-at="2023-02-01T13:13:11 IST" name="Suite" finished-at="2023-02-01T13:13:31 IST" duration-ms="19899">
    <groups>
    </groups>
    <test started-at="2023-02-01T13:13:11 IST" name="Test" finished-at="2023-02-01T13:13:31 IST" duration-ms="19899">
      <class name="testCases.BaseTest">
        <test-method is-config="true" signature="initialize()[pri:0, instance:testCases.BaseTest@323b36e0]" started-at="2023-02-01T13:13:11 IST" name="initialize" finished-at="2023-02-01T13:13:14 IST" duration-ms="2902" status="PASS">
          <reporter-output>
          </reporter-output>
        </test-method> <!-- initialize -->
        <test-method signature="setup(java.lang.String,java.lang.String)[pri:0, instance:testCases.BaseTest@323b36e0]" started-at="2023-02-01T13:13:14 IST" name="setup" data-provider="getData" finished-at="2023-02-01T13:13:23 IST" duration-ms="8666" status="PASS">
          <params>
            <param index="0">
              <value>
                <![CDATA[sunnytest@123.com]]>
              </value>
            </param>
            <param index="1">
              <value>
                <![CDATA[password123]]>
              </value>
            </param>
          </params>
          <reporter-output>
          </reporter-output>
        </test-method> <!-- setup -->
        <test-method signature="setup(java.lang.String,java.lang.String)[pri:0, instance:testCases.BaseTest@323b36e0]" started-at="2023-02-01T13:13:23 IST" name="setup" data-provider="getData" finished-at="2023-02-01T13:13:31 IST" duration-ms="8023" status="PASS">
          <params>
            <param index="0">
              <value>
                <![CDATA[achintyatest@123.com]]>
              </value>
            </param>
            <param index="1">
              <value>
                <![CDATA[password123]]>
              </value>
            </param>
          </params>
          <reporter-output>
          </reporter-output>
        </test-method> <!-- setup -->
        <test-method is-config="true" signature="tearDown()[pri:0, instance:testCases.BaseTest@323b36e0]" started-at="2023-02-01T13:13:31 IST" name="tearDown" finished-at="2023-02-01T13:13:31 IST" duration-ms="194" status="PASS">
          <reporter-output>
          </reporter-output>
        </test-method> <!-- tearDown -->
      </class> <!-- testCases.BaseTest -->
    </test> <!-- Test -->
  </suite> <!-- Suite -->
</testng-results>
